<?xml version="1.0" encoding="UTF-8"?>
<testsuite name="TestTest" tests="1" skipped="0" failures="0" errors="0" timestamp="2020-12-13T04:53:02" hostname="JAKOB-LAPTOP-XP" time="0.021">
  <properties/>
  <testcase name="testTest()" classname="TestTest" time="0.021"/>
  <system-out><![CDATA[]]></system-out>
  <system-err><![CDATA[]]></system-err>
</testsuite>
