<?xml version="1.0" encoding="UTF-8"?>
<testsuite name="frontchess.TestChessHttpHandler" tests="1" skipped="0" failures="0" errors="0" timestamp="2020-12-29T07:46:03" hostname="JAKOB-LAPTOP-XP" time="0.248">
  <properties/>
  <testcase name="testCreatePGNJson()" classname="frontchess.TestChessHttpHandler" time="0.248"/>
  <system-out><![CDATA[[ [White "Jakob", 
 [Black "Dill", 
 [Date "2020.12.28", 

 1. e4 e5 2. Nf3 Nc6 3. Bb5 a6 {This is a comment.}
;This is also a comment
4. Ba5 Nf6 5. O-O Be7
]
[, White, "Jakob"]
]]></system-out>
  <system-err><![CDATA[]]></system-err>
</testsuite>
