<?xml version="1.0" encoding="UTF-8"?>
<testsuite name="TestTest" tests="1" skipped="0" failures="0" errors="0" timestamp="2020-12-12T21:56:52" hostname="JAKOB-LAPTOP-XP" time="0.012">
  <properties/>
  <testcase name="testTest()" classname="TestTest" time="0.012"/>
  <system-out><![CDATA[]]></system-out>
  <system-err><![CDATA[]]></system-err>
</testsuite>
